#! /c/Source/iverilog-install/bin/vvp
:ivl_version "12.0 (devel)" "(s20150603-1539-g2693dd32b)";
:ivl_delay_selection "TYPICAL";
:vpi_time_precision - 12;
:vpi_module "C:\iverilog\lib\ivl\system.vpi";
:vpi_module "C:\iverilog\lib\ivl\vhdl_sys.vpi";
:vpi_module "C:\iverilog\lib\ivl\vhdl_textio.vpi";
:vpi_module "C:\iverilog\lib\ivl\v2005_math.vpi";
:vpi_module "C:\iverilog\lib\ivl\va_math.vpi";
S_000002b262d164f0 .scope module, "Motor" "Motor" 2 4;
 .timescale -9 -12;
    .port_info 0 /INPUT 1 "clk";
    .port_info 1 /INPUT 1 "reset";
    .port_info 2 /INPUT 2 "cmd";
    .port_info 3 /INPUT 1 "TopeA";
    .port_info 4 /INPUT 1 "TopeB";
    .port_info 5 /OUTPUT 1 "motor_up";
    .port_info 6 /OUTPUT 1 "motor_down";
    .port_info 7 /OUTPUT 1 "TopeA_S";
    .port_info 8 /OUTPUT 1 "TopeB_S";
o000002b262b87fd8 .functor BUFZ 1, C4<z>; HiZ drive
v000002b262d16680_0 .net "TopeA", 0 0, o000002b262b87fd8;  0 drivers
v000002b262d1bee0_0 .var "TopeA_S", 0 0;
o000002b262b88038 .functor BUFZ 1, C4<z>; HiZ drive
v000002b262d16720_0 .net "TopeB", 0 0, o000002b262b88038;  0 drivers
v000002b262d167c0_0 .var "TopeB_S", 0 0;
o000002b262b88098 .functor BUFZ 1, C4<z>; HiZ drive
v000002b262b842d0_0 .net "clk", 0 0, o000002b262b88098;  0 drivers
o000002b262b880c8 .functor BUFZ 2, C4<zz>; HiZ drive
v000002b262b84370_0 .net "cmd", 1 0, o000002b262b880c8;  0 drivers
v000002b262b84410_0 .var "motor_down", 0 0;
v000002b262b844b0_0 .var "motor_up", 0 0;
o000002b262b88158 .functor BUFZ 1, C4<z>; HiZ drive
v000002b262b84550_0 .net "reset", 0 0, o000002b262b88158;  0 drivers
E_000002b262b86940 .event posedge, v000002b262b84550_0, v000002b262b842d0_0;
    .scope S_000002b262d164f0;
T_0 ;
    %wait E_000002b262b86940;
    %load/vec4 v000002b262b84550_0;
    %flag_set/vec4 8;
    %jmp/0xz  T_0.0, 8;
    %pushi/vec4 0, 0, 1;
    %assign/vec4 v000002b262b844b0_0, 0;
    %pushi/vec4 0, 0, 1;
    %assign/vec4 v000002b262b84410_0, 0;
    %pushi/vec4 0, 0, 1;
    %assign/vec4 v000002b262d1bee0_0, 0;
    %pushi/vec4 0, 0, 1;
    %assign/vec4 v000002b262d167c0_0, 0;
    %jmp T_0.1;
T_0.0 ;
    %load/vec4 v000002b262d16680_0;
    %assign/vec4 v000002b262d1bee0_0, 0;
    %load/vec4 v000002b262d16720_0;
    %assign/vec4 v000002b262d167c0_0, 0;
    %load/vec4 v000002b262b84370_0;
    %dup/vec4;
    %pushi/vec4 1, 0, 2;
    %cmp/u;
    %jmp/1 T_0.2, 6;
    %dup/vec4;
    %pushi/vec4 2, 0, 2;
    %cmp/u;
    %jmp/1 T_0.3, 6;
    %pushi/vec4 0, 0, 1;
    %assign/vec4 v000002b262b844b0_0, 0;
    %pushi/vec4 0, 0, 1;
    %assign/vec4 v000002b262b84410_0, 0;
    %jmp T_0.5;
T_0.2 ;
    %load/vec4 v000002b262d16680_0;
    %nor/r;
    %flag_set/vec4 8;
    %jmp/0xz  T_0.6, 8;
    %pushi/vec4 1, 0, 1;
    %assign/vec4 v000002b262b844b0_0, 0;
    %pushi/vec4 0, 0, 1;
    %assign/vec4 v000002b262b84410_0, 0;
    %jmp T_0.7;
T_0.6 ;
    %pushi/vec4 0, 0, 1;
    %assign/vec4 v000002b262b844b0_0, 0;
T_0.7 ;
    %jmp T_0.5;
T_0.3 ;
    %load/vec4 v000002b262d16720_0;
    %nor/r;
    %flag_set/vec4 8;
    %jmp/0xz  T_0.8, 8;
    %pushi/vec4 1, 0, 1;
    %assign/vec4 v000002b262b84410_0, 0;
    %pushi/vec4 0, 0, 1;
    %assign/vec4 v000002b262b844b0_0, 0;
    %jmp T_0.9;
T_0.8 ;
    %pushi/vec4 0, 0, 1;
    %assign/vec4 v000002b262b84410_0, 0;
T_0.9 ;
    %jmp T_0.5;
T_0.5 ;
    %pop/vec4 1;
T_0.1 ;
    %jmp T_0;
    .thread T_0;
# The file index is used to find the file name in the following table.
:file_names 3;
    "N/A";
    "<interactive>";
    "Motor.v";
