#! /c/Source/iverilog-install/bin/vvp
:ivl_version "12.0 (devel)" "(s20150603-1539-g2693dd32b)";
:ivl_delay_selection "TYPICAL";
:vpi_time_precision - 12;
:vpi_module "C:\iverilog\lib\ivl\system.vpi";
:vpi_module "C:\iverilog\lib\ivl\vhdl_sys.vpi";
:vpi_module "C:\iverilog\lib\ivl\vhdl_textio.vpi";
:vpi_module "C:\iverilog\lib\ivl\v2005_math.vpi";
:vpi_module "C:\iverilog\lib\ivl\va_math.vpi";
S_000002d512947280 .scope module, "Motor_tb" "Motor_tb" 2 5;
 .timescale -9 -12;
v000002d51299ba40_0 .var "TopeA", 0 0;
v000002d51299bae0_0 .net "TopeA_S", 0 0, v000002d512a56840_0;  1 drivers
v000002d51299bb80_0 .var "TopeB", 0 0;
v000002d51299ca30_0 .net "TopeB_S", 0 0, v000002d512947640_0;  1 drivers
v000002d51299be50_0 .var "clk", 0 0;
v000002d51299cad0_0 .var "cmd", 1 0;
v000002d51299cb70_0 .net "motor_down", 0 0, v000002d512993850_0;  1 drivers
v000002d51299c710_0 .net "motor_up", 0 0, v000002d5129938f0_0;  1 drivers
v000002d51299bc70_0 .var "reset", 0 0;
S_000002d512947410 .scope module, "uut" "Motor" 2 19, 3 4 0, S_000002d512947280;
 .timescale -9 -12;
    .port_info 0 /INPUT 1 "clk";
    .port_info 1 /INPUT 1 "reset";
    .port_info 2 /INPUT 2 "cmd";
    .port_info 3 /INPUT 1 "TopeA";
    .port_info 4 /INPUT 1 "TopeB";
    .port_info 5 /OUTPUT 1 "motor_up";
    .port_info 6 /OUTPUT 1 "motor_down";
    .port_info 7 /OUTPUT 1 "TopeA_S";
    .port_info 8 /OUTPUT 1 "TopeB_S";
v000002d512a5bee0_0 .net "TopeA", 0 0, v000002d51299ba40_0;  1 drivers
v000002d512a56840_0 .var "TopeA_S", 0 0;
v000002d5129475a0_0 .net "TopeB", 0 0, v000002d51299bb80_0;  1 drivers
v000002d512947640_0 .var "TopeB_S", 0 0;
v000002d512944490_0 .net "clk", 0 0, v000002d51299be50_0;  1 drivers
v000002d512944530_0 .net "cmd", 1 0, v000002d51299cad0_0;  1 drivers
v000002d512993850_0 .var "motor_down", 0 0;
v000002d5129938f0_0 .var "motor_up", 0 0;
v000002d512993990_0 .net "reset", 0 0, v000002d51299bc70_0;  1 drivers
E_000002d512a58df0 .event posedge, v000002d512993990_0, v000002d512944490_0;
    .scope S_000002d512947410;
T_0 ;
    %wait E_000002d512a58df0;
    %load/vec4 v000002d512993990_0;
    %flag_set/vec4 8;
    %jmp/0xz  T_0.0, 8;
    %pushi/vec4 0, 0, 1;
    %assign/vec4 v000002d5129938f0_0, 0;
    %pushi/vec4 0, 0, 1;
    %assign/vec4 v000002d512993850_0, 0;
    %pushi/vec4 0, 0, 1;
    %assign/vec4 v000002d512a56840_0, 0;
    %pushi/vec4 0, 0, 1;
    %assign/vec4 v000002d512947640_0, 0;
    %jmp T_0.1;
T_0.0 ;
    %load/vec4 v000002d512a5bee0_0;
    %assign/vec4 v000002d512a56840_0, 0;
    %load/vec4 v000002d5129475a0_0;
    %assign/vec4 v000002d512947640_0, 0;
    %load/vec4 v000002d512944530_0;
    %dup/vec4;
    %pushi/vec4 1, 0, 2;
    %cmp/u;
    %jmp/1 T_0.2, 6;
    %dup/vec4;
    %pushi/vec4 2, 0, 2;
    %cmp/u;
    %jmp/1 T_0.3, 6;
    %pushi/vec4 0, 0, 1;
    %assign/vec4 v000002d5129938f0_0, 0;
    %pushi/vec4 0, 0, 1;
    %assign/vec4 v000002d512993850_0, 0;
    %jmp T_0.5;
T_0.2 ;
    %load/vec4 v000002d512a5bee0_0;
    %nor/r;
    %flag_set/vec4 8;
    %jmp/0xz  T_0.6, 8;
    %pushi/vec4 1, 0, 1;
    %assign/vec4 v000002d5129938f0_0, 0;
    %pushi/vec4 0, 0, 1;
    %assign/vec4 v000002d512993850_0, 0;
    %jmp T_0.7;
T_0.6 ;
    %pushi/vec4 0, 0, 1;
    %assign/vec4 v000002d5129938f0_0, 0;
T_0.7 ;
    %jmp T_0.5;
T_0.3 ;
    %load/vec4 v000002d5129475a0_0;
    %nor/r;
    %flag_set/vec4 8;
    %jmp/0xz  T_0.8, 8;
    %pushi/vec4 1, 0, 1;
    %assign/vec4 v000002d512993850_0, 0;
    %pushi/vec4 0, 0, 1;
    %assign/vec4 v000002d5129938f0_0, 0;
    %jmp T_0.9;
T_0.8 ;
    %pushi/vec4 0, 0, 1;
    %assign/vec4 v000002d512993850_0, 0;
T_0.9 ;
    %jmp T_0.5;
T_0.5 ;
    %pop/vec4 1;
T_0.1 ;
    %jmp T_0;
    .thread T_0;
    .scope S_000002d512947280;
T_1 ;
    %pushi/vec4 0, 0, 1;
    %store/vec4 v000002d51299be50_0, 0, 1;
T_1.0 ;
    %delay 10000, 0;
    %load/vec4 v000002d51299be50_0;
    %inv;
    %store/vec4 v000002d51299be50_0, 0, 1;
    %jmp T_1.0;
    %end;
    .thread T_1;
    .scope S_000002d512947280;
T_2 ;
    %pushi/vec4 1, 0, 1;
    %store/vec4 v000002d51299bc70_0, 0, 1;
    %pushi/vec4 0, 0, 2;
    %store/vec4 v000002d51299cad0_0, 0, 2;
    %pushi/vec4 0, 0, 1;
    %store/vec4 v000002d51299ba40_0, 0, 1;
    %pushi/vec4 0, 0, 1;
    %store/vec4 v000002d51299bb80_0, 0, 1;
    %delay 20000, 0;
    %pushi/vec4 0, 0, 1;
    %store/vec4 v000002d51299bc70_0, 0, 1;
    %delay 20000, 0;
    %pushi/vec4 1, 0, 2;
    %store/vec4 v000002d51299cad0_0, 0, 2;
    %delay 40000, 0;
    %pushi/vec4 0, 0, 1;
    %store/vec4 v000002d51299ba40_0, 0, 1;
    %delay 20000, 0;
    %pushi/vec4 2, 0, 2;
    %store/vec4 v000002d51299cad0_0, 0, 2;
    %delay 40000, 0;
    %pushi/vec4 0, 0, 1;
    %store/vec4 v000002d51299bb80_0, 0, 1;
    %delay 20000, 0;
    %pushi/vec4 0, 0, 2;
    %store/vec4 v000002d51299cad0_0, 0, 2;
    %delay 20000, 0;
    %pushi/vec4 1, 0, 1;
    %store/vec4 v000002d51299ba40_0, 0, 1;
    %delay 20000, 0;
    %pushi/vec4 1, 0, 1;
    %store/vec4 v000002d51299bb80_0, 0, 1;
    %delay 20000, 0;
    %pushi/vec4 1, 0, 2;
    %store/vec4 v000002d51299cad0_0, 0, 2;
    %pushi/vec4 1, 0, 1;
    %store/vec4 v000002d51299ba40_0, 0, 1;
    %delay 40000, 0;
    %delay 20000, 0;
    %pushi/vec4 2, 0, 2;
    %store/vec4 v000002d51299cad0_0, 0, 2;
    %pushi/vec4 1, 0, 1;
    %store/vec4 v000002d51299bb80_0, 0, 1;
    %delay 40000, 0;
    %delay 20000, 0;
    %vpi_call 2 85 "$finish" {0 0 0};
    %end;
    .thread T_2;
    .scope S_000002d512947280;
T_3 ;
    %vpi_call 2 90 "$dumpfile", "Motor_tb.vcd" {0 0 0};
    %vpi_call 2 91 "$dumpvars", 32'sb00000000000000000000000000000000, S_000002d512947280 {0 0 0};
    %end;
    .thread T_3;
# The file index is used to find the file name in the following table.
:file_names 4;
    "N/A";
    "<interactive>";
    "Motor_tb.v";
    "./Motor.v";
