#! /c/Source/iverilog-install/bin/vvp
:ivl_version "12.0 (devel)" "(s20150603-1539-g2693dd32b)";
:ivl_delay_selection "TYPICAL";
:vpi_time_precision - 12;
:vpi_module "C:\iverilog\lib\ivl\system.vpi";
:vpi_module "C:\iverilog\lib\ivl\vhdl_sys.vpi";
:vpi_module "C:\iverilog\lib\ivl\vhdl_textio.vpi";
:vpi_module "C:\iverilog\lib\ivl\v2005_math.vpi";
:vpi_module "C:\iverilog\lib\ivl\va_math.vpi";
S_00000280a264dc90 .scope module, "Move_tb" "Move_tb" 2 7;
 .timescale -9 -12;
v00000280a264ba50_0 .net "buzzer", 0 0, v00000280a2646cc0_0;  1 drivers
v00000280a264baf0_0 .var "clk", 0 0;
v00000280a264bb90_0 .var "motion_detected", 0 0;
v00000280a264bc30_0 .var "reset", 0 0;
S_00000280a264de20 .scope module, "move_inst" "Move" 2 16, 3 4 0, S_00000280a264dc90;
 .timescale -9 -12;
    .port_info 0 /INPUT 1 "clk";
    .port_info 1 /INPUT 1 "reset";
    .port_info 2 /INPUT 1 "motion_detected";
    .port_info 3 /OUTPUT 1 "buzzer";
P_00000280a2648ce0 .param/l "DEBOUNCE_TIME" 0 3 12, +C4<00000000000000000000100111000100>;
v00000280a2646cc0_0 .var "buzzer", 0 0;
v00000280a2646840_0 .net "clk", 0 0, v00000280a264baf0_0;  1 drivers
v00000280a264dfb0_0 .var "debounce_counter", 11 0;
v00000280a264e050_0 .net "motion_detected", 0 0, v00000280a264bb90_0;  1 drivers
v00000280a264b910_0 .var "motion_state", 0 0;
v00000280a264b9b0_0 .net "reset", 0 0, v00000280a264bc30_0;  1 drivers
E_00000280a2648b60 .event posedge, v00000280a264b9b0_0, v00000280a2646840_0;
    .scope S_00000280a264de20;
T_0 ;
    %wait E_00000280a2648b60;
    %load/vec4 v00000280a264b9b0_0;
    %flag_set/vec4 8;
    %jmp/0xz  T_0.0, 8;
    %pushi/vec4 0, 0, 1;
    %assign/vec4 v00000280a2646cc0_0, 0;
    %pushi/vec4 0, 0, 12;
    %assign/vec4 v00000280a264dfb0_0, 0;
    %pushi/vec4 0, 0, 1;
    %assign/vec4 v00000280a264b910_0, 0;
    %jmp T_0.1;
T_0.0 ;
    %load/vec4 v00000280a264e050_0;
    %flag_set/vec4 8;
    %jmp/0xz  T_0.2, 8;
    %load/vec4 v00000280a264dfb0_0;
    %pad/u 32;
    %cmpi/u 2500, 0, 32;
    %jmp/0xz  T_0.4, 5;
    %load/vec4 v00000280a264dfb0_0;
    %addi 1, 0, 12;
    %assign/vec4 v00000280a264dfb0_0, 0;
    %jmp T_0.5;
T_0.4 ;
    %pushi/vec4 1, 0, 1;
    %assign/vec4 v00000280a264b910_0, 0;
T_0.5 ;
    %jmp T_0.3;
T_0.2 ;
    %pushi/vec4 0, 0, 12;
    %assign/vec4 v00000280a264dfb0_0, 0;
    %pushi/vec4 0, 0, 1;
    %assign/vec4 v00000280a264b910_0, 0;
T_0.3 ;
    %load/vec4 v00000280a264b910_0;
    %assign/vec4 v00000280a2646cc0_0, 0;
T_0.1 ;
    %jmp T_0;
    .thread T_0;
    .scope S_00000280a264dc90;
T_1 ;
    %pushi/vec4 0, 0, 1;
    %store/vec4 v00000280a264baf0_0, 0, 1;
T_1.0 ;
    %delay 10, 0;
    %load/vec4 v00000280a264baf0_0;
    %inv;
    %store/vec4 v00000280a264baf0_0, 0, 1;
    %jmp T_1.0;
    %end;
    .thread T_1;
    .scope S_00000280a264dc90;
T_2 ;
    %pushi/vec4 1, 0, 1;
    %store/vec4 v00000280a264bc30_0, 0, 1;
    %pushi/vec4 0, 0, 1;
    %store/vec4 v00000280a264bb90_0, 0, 1;
    %delay 10000, 0;
    %pushi/vec4 0, 0, 1;
    %store/vec4 v00000280a264bc30_0, 0, 1;
    %delay 10000, 0;
    %pushi/vec4 1, 0, 1;
    %store/vec4 v00000280a264bb90_0, 0, 1;
    %delay 100000, 0;
    %pushi/vec4 0, 0, 1;
    %store/vec4 v00000280a264bb90_0, 0, 1;
    %delay 100000, 0;
    %pushi/vec4 1, 0, 1;
    %store/vec4 v00000280a264bb90_0, 0, 1;
    %delay 50000, 0;
    %pushi/vec4 0, 0, 1;
    %store/vec4 v00000280a264bb90_0, 0, 1;
    %delay 300000, 0;
    %vpi_call 2 46 "$finish" {0 0 0};
    %end;
    .thread T_2;
    .scope S_00000280a264dc90;
T_3 ;
    %vpi_call 2 51 "$dumpfile", "Move_tb.vcd" {0 0 0};
    %vpi_call 2 52 "$dumpvars", 32'sb00000000000000000000000000000000, S_00000280a264dc90 {0 0 0};
    %end;
    .thread T_3;
# The file index is used to find the file name in the following table.
:file_names 4;
    "N/A";
    "<interactive>";
    "Move-tb.v";
    "./Move.v";
