#! /c/Source/iverilog-install/bin/vvp
:ivl_version "12.0 (devel)" "(s20150603-1539-g2693dd32b)";
:ivl_delay_selection "TYPICAL";
:vpi_time_precision - 12;
:vpi_module "C:\iverilog\lib\ivl\system.vpi";
:vpi_module "C:\iverilog\lib\ivl\vhdl_sys.vpi";
:vpi_module "C:\iverilog\lib\ivl\vhdl_textio.vpi";
:vpi_module "C:\iverilog\lib\ivl\v2005_math.vpi";
:vpi_module "C:\iverilog\lib\ivl\va_math.vpi";
S_00000152fa0264f0 .scope module, "Move" "Move" 2 4;
 .timescale -9 -12;
    .port_info 0 /INPUT 1 "clk";
    .port_info 1 /INPUT 1 "reset";
    .port_info 2 /INPUT 1 "motion_detected";
    .port_info 3 /OUTPUT 1 "buzzer";
P_00000152fa02c1c0 .param/l "DEBOUNCE_TIME" 0 2 12, +C4<00000000000000000000100111000100>;
v00000152fa026680_0 .var "buzzer", 0 0;
o00000152f9ea7008 .functor BUFZ 1, C4<z>; HiZ drive
v00000152fa026720_0 .net "clk", 0 0, o00000152f9ea7008;  0 drivers
v00000152fa0267c0_0 .var "debounce_counter", 11 0;
o00000152f9ea7068 .functor BUFZ 1, C4<z>; HiZ drive
v00000152fa02b8e0_0 .net "motion_detected", 0 0, o00000152f9ea7068;  0 drivers
v00000152fa02b980_0 .var "motion_state", 0 0;
o00000152f9ea70c8 .functor BUFZ 1, C4<z>; HiZ drive
v00000152fa02ba20_0 .net "reset", 0 0, o00000152f9ea70c8;  0 drivers
E_00000152fa02c240 .event posedge, v00000152fa02ba20_0, v00000152fa026720_0;
    .scope S_00000152fa0264f0;
T_0 ;
    %wait E_00000152fa02c240;
    %load/vec4 v00000152fa02ba20_0;
    %flag_set/vec4 8;
    %jmp/0xz  T_0.0, 8;
    %pushi/vec4 0, 0, 1;
    %assign/vec4 v00000152fa026680_0, 0;
    %pushi/vec4 0, 0, 12;
    %assign/vec4 v00000152fa0267c0_0, 0;
    %pushi/vec4 0, 0, 1;
    %assign/vec4 v00000152fa02b980_0, 0;
    %jmp T_0.1;
T_0.0 ;
    %load/vec4 v00000152fa02b8e0_0;
    %flag_set/vec4 8;
    %jmp/0xz  T_0.2, 8;
    %load/vec4 v00000152fa0267c0_0;
    %pad/u 32;
    %cmpi/u 2500, 0, 32;
    %jmp/0xz  T_0.4, 5;
    %load/vec4 v00000152fa0267c0_0;
    %addi 1, 0, 12;
    %assign/vec4 v00000152fa0267c0_0, 0;
    %jmp T_0.5;
T_0.4 ;
    %pushi/vec4 1, 0, 1;
    %assign/vec4 v00000152fa02b980_0, 0;
T_0.5 ;
    %jmp T_0.3;
T_0.2 ;
    %pushi/vec4 0, 0, 12;
    %assign/vec4 v00000152fa0267c0_0, 0;
    %pushi/vec4 0, 0, 1;
    %assign/vec4 v00000152fa02b980_0, 0;
T_0.3 ;
    %load/vec4 v00000152fa02b980_0;
    %assign/vec4 v00000152fa026680_0, 0;
T_0.1 ;
    %jmp T_0;
    .thread T_0;
# The file index is used to find the file name in the following table.
:file_names 3;
    "N/A";
    "<interactive>";
    "Move.v";
