#! /c/Source/iverilog-install/bin/vvp
:ivl_version "12.0 (devel)" "(s20150603-1539-g2693dd32b)";
:ivl_delay_selection "TYPICAL";
:vpi_time_precision - 12;
:vpi_module "C:\iverilog\lib\ivl\system.vpi";
:vpi_module "C:\iverilog\lib\ivl\vhdl_sys.vpi";
:vpi_module "C:\iverilog\lib\ivl\vhdl_textio.vpi";
:vpi_module "C:\iverilog\lib\ivl\v2005_math.vpi";
:vpi_module "C:\iverilog\lib\ivl\va_math.vpi";
S_00000258afb0ae20 .scope module, "tb_compuertas" "tb_compuertas" 2 4;
 .timescale -12 -12;
v00000258afb55720_0 .var "A_tb", 0 0;
v00000258afb99840_0 .var "B_tb", 0 0;
v00000258afb998e0_0 .var "C_tb", 0 0;
v00000258afb99980_0 .net "S1_tb", 0 0, L_00000258afb557c0;  1 drivers
v00000258afb99a20_0 .net "S2_tb", 0 0, L_00000258afb08a00;  1 drivers
S_00000258afb553b0 .scope module, "uut" "Compuertas" 2 13, 3 1 0, S_00000258afb0ae20;
 .timescale 0 0;
    .port_info 0 /INPUT 1 "A";
    .port_info 1 /INPUT 1 "B";
    .port_info 2 /INPUT 1 "C";
    .port_info 3 /OUTPUT 1 "S1";
    .port_info 4 /OUTPUT 1 "S2";
L_00000258afb557c0 .functor OR 1, v00000258afb55720_0, v00000258afb99840_0, C4<0>, C4<0>;
L_00000258afb08a00 .functor NOT 1, v00000258afb998e0_0, C4<0>, C4<0>, C4<0>;
v00000258afb22dd0_0 .net "A", 0 0, v00000258afb55720_0;  1 drivers
v00000258afb08960_0 .net "B", 0 0, v00000258afb99840_0;  1 drivers
v00000258afb55540_0 .net "C", 0 0, v00000258afb998e0_0;  1 drivers
v00000258afb555e0_0 .net "S1", 0 0, L_00000258afb557c0;  alias, 1 drivers
v00000258afb55680_0 .net "S2", 0 0, L_00000258afb08a00;  alias, 1 drivers
    .scope S_00000258afb0ae20;
T_0 ;
    %pushi/vec4 0, 0, 1;
    %store/vec4 v00000258afb55720_0, 0, 1;
    %pushi/vec4 0, 0, 1;
    %store/vec4 v00000258afb99840_0, 0, 1;
    %pushi/vec4 0, 0, 1;
    %store/vec4 v00000258afb998e0_0, 0, 1;
    %delay 100, 0;
    %pushi/vec4 0, 0, 1;
    %store/vec4 v00000258afb55720_0, 0, 1;
    %pushi/vec4 1, 0, 1;
    %store/vec4 v00000258afb99840_0, 0, 1;
    %pushi/vec4 1, 0, 1;
    %store/vec4 v00000258afb998e0_0, 0, 1;
    %delay 100, 0;
    %pushi/vec4 1, 0, 1;
    %store/vec4 v00000258afb55720_0, 0, 1;
    %pushi/vec4 0, 0, 1;
    %store/vec4 v00000258afb99840_0, 0, 1;
    %delay 100, 0;
    %pushi/vec4 1, 0, 1;
    %store/vec4 v00000258afb55720_0, 0, 1;
    %pushi/vec4 1, 0, 1;
    %store/vec4 v00000258afb99840_0, 0, 1;
    %end;
    .thread T_0;
    .scope S_00000258afb0ae20;
T_1 ;
    %vpi_call 2 47 "$dumpfile", "Compuertas.vcd" {0 0 0};
    %vpi_call 2 48 "$dumpvars", 32'sb11111111111111111111111111111111, S_00000258afb553b0 {0 0 0};
    %delay 500, 0;
    %vpi_call 2 49 "$finish" {0 0 0};
    %end;
    .thread T_1;
# The file index is used to find the file name in the following table.
:file_names 4;
    "N/A";
    "<interactive>";
    "compuertas_tb.v";
    "./Compuertas.v";
