#! /c/Source/iverilog-install/bin/vvp
:ivl_version "12.0 (devel)" "(s20150603-1539-g2693dd32b)";
:ivl_delay_selection "TYPICAL";
:vpi_time_precision + 0;
:vpi_module "C:\iverilog\lib\ivl\system.vpi";
:vpi_module "C:\iverilog\lib\ivl\vhdl_sys.vpi";
:vpi_module "C:\iverilog\lib\ivl\vhdl_textio.vpi";
:vpi_module "C:\iverilog\lib\ivl\v2005_math.vpi";
:vpi_module "C:\iverilog\lib\ivl\va_math.vpi";
S_000001e5190c6de0 .scope module, "Compuertas" "Compuertas" 2 1;
 .timescale 0 0;
    .port_info 0 /INPUT 1 "A";
    .port_info 1 /INPUT 1 "B";
    .port_info 2 /INPUT 1 "C";
    .port_info 3 /OUTPUT 1 "S1";
    .port_info 4 /OUTPUT 1 "S2";
o000001e5190c6fd8 .functor BUFZ 1, C4<z>; HiZ drive
o000001e5190c7008 .functor BUFZ 1, C4<z>; HiZ drive
L_000001e5190c6140 .functor OR 1, o000001e5190c6fd8, o000001e5190c7008, C4<0>, C4<0>;
o000001e5190c7038 .functor BUFZ 1, C4<z>; HiZ drive
L_000001e519076760 .functor NOT 1, o000001e5190c7038, C4<0>, C4<0>, C4<0>;
v000001e519076980_0 .net "A", 0 0, o000001e5190c6fd8;  0 drivers
v000001e519076500_0 .net "B", 0 0, o000001e5190c7008;  0 drivers
v000001e5190c60a0_0 .net "C", 0 0, o000001e5190c7038;  0 drivers
v000001e51907d850_0 .net "S1", 0 0, L_000001e5190c6140;  1 drivers
v000001e51907d8f0_0 .net "S2", 0 0, L_000001e519076760;  1 drivers
# The file index is used to find the file name in the following table.
:file_names 3;
    "N/A";
    "<interactive>";
    "Compuertas.v";
