Analysis & Elaboration report for CasaDomo
Tue Sep 24 17:52:20 2024
Quartus Prime Version 23.1std.0 Build 991 11/28/2023 SC Lite Edition


---------------------
; Table of Contents ;
---------------------
  1. Legal Notice
  2. Analysis & Elaboration Summary
  3. Parallel Compilation
  4. Parameter Settings for User Entity Instance: BTr:receiver
  5. Parameter Settings for User Entity Instance: BTt:transmitter
  6. Parameter Settings for User Entity Instance: Leds:led_controller
  7. Parameter Settings for User Entity Instance: Move:motion_detector
  8. Analysis & Elaboration Settings
  9. Port Connectivity Checks: "Move:motion_detector"
 10. Port Connectivity Checks: "Motor:motor_controller"
 11. Port Connectivity Checks: "BTt:transmitter"
 12. Port Connectivity Checks: "BTr:receiver"
 13. Analysis & Elaboration Messages
 14. Analysis & Elaboration Suppressed Messages



----------------
; Legal Notice ;
----------------
Copyright (C) 2023  Intel Corporation. All rights reserved.
Your use of Intel Corporation's design tools, logic functions 
and other software and tools, and any partner logic 
functions, and any output files from any of the foregoing 
(including device programming or simulation files), and any 
associated documentation or information are expressly subject 
to the terms and conditions of the Intel Program License 
Subscription Agreement, the Intel Quartus Prime License Agreement,
the Intel FPGA IP License Agreement, or other applicable license
agreement, including, without limitation, that your use is for
the sole purpose of programming logic devices manufactured by
Intel and sold by Intel or its authorized distributors.  Please
refer to the applicable agreement for further details, at
https://fpgasoftware.intel.com/eula.



+-------------------------------------------------------------------------------------+
; Analysis & Elaboration Summary                                                      ;
+------------------------------------+------------------------------------------------+
; Analysis & Elaboration Status      ; Successful - Tue Sep 24 17:52:20 2024          ;
; Quartus Prime Version              ; 23.1std.0 Build 991 11/28/2023 SC Lite Edition ;
; Revision Name                      ; CasaDomo                                       ;
; Top-level Entity Name              ; House                                          ;
; Family                             ; Cyclone IV E                                   ;
; Total logic elements               ; N/A until Partition Merge                      ;
;     Total combinational functions  ; N/A until Partition Merge                      ;
;     Dedicated logic registers      ; N/A until Partition Merge                      ;
; Total registers                    ; N/A until Partition Merge                      ;
; Total pins                         ; N/A until Partition Merge                      ;
; Total virtual pins                 ; N/A until Partition Merge                      ;
; Total memory bits                  ; N/A until Partition Merge                      ;
; Embedded Multiplier 9-bit elements ; N/A until Partition Merge                      ;
; Total PLLs                         ; N/A until Partition Merge                      ;
+------------------------------------+------------------------------------------------+


+------------------------------------------+
; Parallel Compilation                     ;
+----------------------------+-------------+
; Processors                 ; Number      ;
+----------------------------+-------------+
; Number detected on machine ; 4           ;
; Maximum allowed            ; 2           ;
;                            ;             ;
; Average used               ; 1.00        ;
; Maximum used               ; 1           ;
;                            ;             ;
; Usage by Processor         ; % Time Used ;
;     Processor 1            ; 100.0%      ;
+----------------------------+-------------+


+-----------------------------------------------------------+
; Parameter Settings for User Entity Instance: BTr:receiver ;
+----------------+----------+-------------------------------+
; Parameter Name ; Value    ; Type                          ;
+----------------+----------+-------------------------------+
; CLK_FREQ       ; 50000000 ; Signed Integer                ;
; BAUD_RATE      ; 9600     ; Signed Integer                ;
+----------------+----------+-------------------------------+
Note: In order to hide this table in the UI and the text report file, please set the "Show Parameter Settings in Synthesis Report" option in "Analysis and Synthesis Settings -> More Settings" to "Off".


+--------------------------------------------------------------+
; Parameter Settings for User Entity Instance: BTt:transmitter ;
+----------------+----------+----------------------------------+
; Parameter Name ; Value    ; Type                             ;
+----------------+----------+----------------------------------+
; CLK_FREQ       ; 50000000 ; Signed Integer                   ;
; BAUD_RATE      ; 9600     ; Signed Integer                   ;
+----------------+----------+----------------------------------+
Note: In order to hide this table in the UI and the text report file, please set the "Show Parameter Settings in Synthesis Report" option in "Analysis and Synthesis Settings -> More Settings" to "Off".


+------------------------------------------------------------------+
; Parameter Settings for User Entity Instance: Leds:led_controller ;
+-----------------+----------+-------------------------------------+
; Parameter Name  ; Value    ; Type                                ;
+-----------------+----------+-------------------------------------+
; CLK_FREQ        ; 50000000 ; Signed Integer                      ;
; LED_TOGGLE_TIME ; 30       ; Signed Integer                      ;
+-----------------+----------+-------------------------------------+
Note: In order to hide this table in the UI and the text report file, please set the "Show Parameter Settings in Synthesis Report" option in "Analysis and Synthesis Settings -> More Settings" to "Off".


+-------------------------------------------------------------------+
; Parameter Settings for User Entity Instance: Move:motion_detector ;
+----------------+-------+------------------------------------------+
; Parameter Name ; Value ; Type                                     ;
+----------------+-------+------------------------------------------+
; DEBOUNCE_TIME  ; 2500  ; Signed Integer                           ;
+----------------+-------+------------------------------------------+
Note: In order to hide this table in the UI and the text report file, please set the "Show Parameter Settings in Synthesis Report" option in "Analysis and Synthesis Settings -> More Settings" to "Off".


+------------------------------------------------------------------------------------------------------------+
; Analysis & Elaboration Settings                                                                            ;
+------------------------------------------------------------------+--------------------+--------------------+
; Option                                                           ; Setting            ; Default Value      ;
+------------------------------------------------------------------+--------------------+--------------------+
; Device                                                           ; EP4CE10E22C8       ;                    ;
; Top-level entity name                                            ; House              ; CasaDomo           ;
; Family name                                                      ; Cyclone IV E       ; Cyclone V          ;
; Use smart compilation                                            ; Off                ; Off                ;
; Enable parallel Assembler and Timing Analyzer during compilation ; On                 ; On                 ;
; Enable compact report table                                      ; Off                ; Off                ;
; Restructure Multiplexers                                         ; Auto               ; Auto               ;
; Create Debugging Nodes for IP Cores                              ; Off                ; Off                ;
; Preserve fewer node names                                        ; On                 ; On                 ;
; Intel FPGA IP Evaluation Mode                                    ; Enable             ; Enable             ;
; Verilog Version                                                  ; Verilog_2001       ; Verilog_2001       ;
; VHDL Version                                                     ; VHDL_1993          ; VHDL_1993          ;
; State Machine Processing                                         ; Auto               ; Auto               ;
; Safe State Machine                                               ; Off                ; Off                ;
; Extract Verilog State Machines                                   ; On                 ; On                 ;
; Extract VHDL State Machines                                      ; On                 ; On                 ;
; Ignore Verilog initial constructs                                ; Off                ; Off                ;
; Iteration limit for constant Verilog loops                       ; 5000               ; 5000               ;
; Iteration limit for non-constant Verilog loops                   ; 250                ; 250                ;
; Add Pass-Through Logic to Inferred RAMs                          ; On                 ; On                 ;
; Infer RAMs from Raw Logic                                        ; On                 ; On                 ;
; Parallel Synthesis                                               ; On                 ; On                 ;
; DSP Block Balancing                                              ; Auto               ; Auto               ;
; NOT Gate Push-Back                                               ; On                 ; On                 ;
; Power-Up Don't Care                                              ; On                 ; On                 ;
; Remove Redundant Logic Cells                                     ; Off                ; Off                ;
; Remove Duplicate Registers                                       ; On                 ; On                 ;
; Ignore CARRY Buffers                                             ; Off                ; Off                ;
; Ignore CASCADE Buffers                                           ; Off                ; Off                ;
; Ignore GLOBAL Buffers                                            ; Off                ; Off                ;
; Ignore ROW GLOBAL Buffers                                        ; Off                ; Off                ;
; Ignore LCELL Buffers                                             ; Off                ; Off                ;
; Ignore SOFT Buffers                                              ; On                 ; On                 ;
; Limit AHDL Integers to 32 Bits                                   ; Off                ; Off                ;
; Optimization Technique                                           ; Balanced           ; Balanced           ;
; Carry Chain Length                                               ; 70                 ; 70                 ;
; Auto Carry Chains                                                ; On                 ; On                 ;
; Auto Open-Drain Pins                                             ; On                 ; On                 ;
; Perform WYSIWYG Primitive Resynthesis                            ; Off                ; Off                ;
; Auto ROM Replacement                                             ; On                 ; On                 ;
; Auto RAM Replacement                                             ; On                 ; On                 ;
; Auto DSP Block Replacement                                       ; On                 ; On                 ;
; Auto Shift Register Replacement                                  ; Auto               ; Auto               ;
; Allow Shift Register Merging across Hierarchies                  ; Auto               ; Auto               ;
; Auto Clock Enable Replacement                                    ; On                 ; On                 ;
; Strict RAM Replacement                                           ; Off                ; Off                ;
; Allow Synchronous Control Signals                                ; On                 ; On                 ;
; Force Use of Synchronous Clear Signals                           ; Off                ; Off                ;
; Auto RAM Block Balancing                                         ; On                 ; On                 ;
; Auto RAM to Logic Cell Conversion                                ; Off                ; Off                ;
; Auto Resource Sharing                                            ; Off                ; Off                ;
; Allow Any RAM Size For Recognition                               ; Off                ; Off                ;
; Allow Any ROM Size For Recognition                               ; Off                ; Off                ;
; Allow Any Shift Register Size For Recognition                    ; Off                ; Off                ;
; Use LogicLock Constraints during Resource Balancing              ; On                 ; On                 ;
; Ignore translate_off and synthesis_off directives                ; Off                ; Off                ;
; Timing-Driven Synthesis                                          ; On                 ; On                 ;
; Report Parameter Settings                                        ; On                 ; On                 ;
; Report Source Assignments                                        ; On                 ; On                 ;
; Report Connectivity Checks                                       ; On                 ; On                 ;
; Ignore Maximum Fan-Out Assignments                               ; Off                ; Off                ;
; Synchronization Register Chain Length                            ; 2                  ; 2                  ;
; Power Optimization During Synthesis                              ; Normal compilation ; Normal compilation ;
; HDL message level                                                ; Level2             ; Level2             ;
; Suppress Register Optimization Related Messages                  ; Off                ; Off                ;
; Number of Removed Registers Reported in Synthesis Report         ; 5000               ; 5000               ;
; Number of Swept Nodes Reported in Synthesis Report               ; 5000               ; 5000               ;
; Number of Inverted Registers Reported in Synthesis Report        ; 100                ; 100                ;
; Clock MUX Protection                                             ; On                 ; On                 ;
; Auto Gated Clock Conversion                                      ; Off                ; Off                ;
; Block Design Naming                                              ; Auto               ; Auto               ;
; SDC constraint protection                                        ; Off                ; Off                ;
; Synthesis Effort                                                 ; Auto               ; Auto               ;
; Shift Register Replacement - Allow Asynchronous Clear Signal     ; On                 ; On                 ;
; Pre-Mapping Resynthesis Optimization                             ; Off                ; Off                ;
; Analysis & Synthesis Message Level                               ; Medium             ; Medium             ;
; Disable Register Merging Across Hierarchies                      ; Auto               ; Auto               ;
; Resource Aware Inference For Block RAM                           ; On                 ; On                 ;
+------------------------------------------------------------------+--------------------+--------------------+


+---------------------------------------------------------------------------------------------------------------------------------------+
; Port Connectivity Checks: "Move:motion_detector"                                                                                      ;
+--------+--------+----------+----------------------------------------------------------------------------------------------------------+
; Port   ; Type   ; Severity ; Details                                                                                                  ;
+--------+--------+----------+----------------------------------------------------------------------------------------------------------+
; buzzer ; Output ; Warning  ; Declared by entity but not connected by instance. Logic that only feeds a dangling port will be removed. ;
+--------+--------+----------+----------------------------------------------------------------------------------------------------------+


+-------------------------------------------------------------------------------------------------------------------------------------------+
; Port Connectivity Checks: "Motor:motor_controller"                                                                                        ;
+------------+--------+----------+----------------------------------------------------------------------------------------------------------+
; Port       ; Type   ; Severity ; Details                                                                                                  ;
+------------+--------+----------+----------------------------------------------------------------------------------------------------------+
; motor_up   ; Output ; Warning  ; Declared by entity but not connected by instance. Logic that only feeds a dangling port will be removed. ;
; motor_down ; Output ; Warning  ; Declared by entity but not connected by instance. Logic that only feeds a dangling port will be removed. ;
+------------+--------+----------+----------------------------------------------------------------------------------------------------------+


+----------------------------------------------------------------------------------------------------------------+
; Port Connectivity Checks: "BTt:transmitter"                                                                    ;
+------+--------+----------+-------------------------------------------------------------------------------------+
; Port ; Type   ; Severity ; Details                                                                             ;
+------+--------+----------+-------------------------------------------------------------------------------------+
; busy ; Output ; Info     ; Connected to dangling logic. Logic that only feeds a dangling port will be removed. ;
+------+--------+----------+-------------------------------------------------------------------------------------+


+--------------------------------------------------------------------------------------------------------------------------+
; Port Connectivity Checks: "BTr:receiver"                                                                                 ;
+----------------+--------+----------+-------------------------------------------------------------------------------------+
; Port           ; Type   ; Severity ; Details                                                                             ;
+----------------+--------+----------+-------------------------------------------------------------------------------------+
; data_out[4..2] ; Output ; Info     ; Connected to dangling logic. Logic that only feeds a dangling port will be removed. ;
+----------------+--------+----------+-------------------------------------------------------------------------------------+


+---------------------------------+
; Analysis & Elaboration Messages ;
+---------------------------------+
Info: *******************************************************************
Info: Running Quartus Prime Analysis & Elaboration
    Info: Version 23.1std.0 Build 991 11/28/2023 SC Lite Edition
    Info: Processing started: Tue Sep 24 17:51:57 2024
Info: Command: quartus_map --read_settings_files=on --write_settings_files=off CasaDomo -c CasaDomo --analysis_and_elaboration
Warning (18236): Number of processors has not been specified which may cause overloading on shared machines.  Set the global assignment NUM_PARALLEL_PROCESSORS in your QSF to an appropriate value for best performance.
Info (20030): Parallel compilation is enabled and will use 2 of the 2 processors detected
Info (12021): Found 1 design units, including 1 entities, in source file house.v
    Info (12023): Found entity 1: House File: C:/Users/dasa1/OneDrive/Documents/Coding projects/Electronica-Digital-1-G1-E1/Proyecto/src/House.v Line: 4
Info (12021): Found 1 design units, including 1 entities, in source file move.v
    Info (12023): Found entity 1: Move File: C:/Users/dasa1/OneDrive/Documents/Coding projects/Electronica-Digital-1-G1-E1/Proyecto/src/Move.v Line: 2
Info (12021): Found 1 design units, including 1 entities, in source file motor.v
    Info (12023): Found entity 1: Motor File: C:/Users/dasa1/OneDrive/Documents/Coding projects/Electronica-Digital-1-G1-E1/Proyecto/src/Motor.v Line: 2
Info (12021): Found 1 design units, including 1 entities, in source file leds.v
    Info (12023): Found entity 1: Leds File: C:/Users/dasa1/OneDrive/Documents/Coding projects/Electronica-Digital-1-G1-E1/Proyecto/src/Leds.v Line: 2
Info (12021): Found 1 design units, including 1 entities, in source file btt.v
    Info (12023): Found entity 1: BTt File: C:/Users/dasa1/OneDrive/Documents/Coding projects/Electronica-Digital-1-G1-E1/Proyecto/src/BTt.v Line: 2
Info (12021): Found 1 design units, including 1 entities, in source file btr.v
    Info (12023): Found entity 1: BTr File: C:/Users/dasa1/OneDrive/Documents/Coding projects/Electronica-Digital-1-G1-E1/Proyecto/src/BTr.v Line: 2
Info (12021): Found 1 design units, including 1 entities, in source file house-tb.v
    Info (12023): Found entity 1: tb_House File: C:/Users/dasa1/OneDrive/Documents/Coding projects/Electronica-Digital-1-G1-E1/Proyecto/src/House-tb.v Line: 4
Info (12127): Elaborating entity "House" for the top level hierarchy
Info (12128): Elaborating entity "BTr" for hierarchy "BTr:receiver" File: C:/Users/dasa1/OneDrive/Documents/Coding projects/Electronica-Digital-1-G1-E1/Proyecto/src/House.v Line: 38
Warning (10230): Verilog HDL assignment warning at BTr.v(48): truncated value with size 32 to match size of target (16) File: C:/Users/dasa1/OneDrive/Documents/Coding projects/Electronica-Digital-1-G1-E1/Proyecto/src/BTr.v Line: 48
Warning (10230): Verilog HDL assignment warning at BTr.v(58): truncated value with size 32 to match size of target (16) File: C:/Users/dasa1/OneDrive/Documents/Coding projects/Electronica-Digital-1-G1-E1/Proyecto/src/BTr.v Line: 58
Warning (10230): Verilog HDL assignment warning at BTr.v(63): truncated value with size 32 to match size of target (4) File: C:/Users/dasa1/OneDrive/Documents/Coding projects/Electronica-Digital-1-G1-E1/Proyecto/src/BTr.v Line: 63
Warning (10230): Verilog HDL assignment warning at BTr.v(72): truncated value with size 32 to match size of target (16) File: C:/Users/dasa1/OneDrive/Documents/Coding projects/Electronica-Digital-1-G1-E1/Proyecto/src/BTr.v Line: 72
Info (12128): Elaborating entity "BTt" for hierarchy "BTt:transmitter" File: C:/Users/dasa1/OneDrive/Documents/Coding projects/Electronica-Digital-1-G1-E1/Proyecto/src/House.v Line: 48
Warning (10230): Verilog HDL assignment warning at BTt.v(50): truncated value with size 32 to match size of target (16) File: C:/Users/dasa1/OneDrive/Documents/Coding projects/Electronica-Digital-1-G1-E1/Proyecto/src/BTt.v Line: 50
Warning (10230): Verilog HDL assignment warning at BTt.v(60): truncated value with size 32 to match size of target (16) File: C:/Users/dasa1/OneDrive/Documents/Coding projects/Electronica-Digital-1-G1-E1/Proyecto/src/BTt.v Line: 60
Warning (10230): Verilog HDL assignment warning at BTt.v(65): truncated value with size 32 to match size of target (4) File: C:/Users/dasa1/OneDrive/Documents/Coding projects/Electronica-Digital-1-G1-E1/Proyecto/src/BTt.v Line: 65
Warning (10230): Verilog HDL assignment warning at BTt.v(74): truncated value with size 32 to match size of target (16) File: C:/Users/dasa1/OneDrive/Documents/Coding projects/Electronica-Digital-1-G1-E1/Proyecto/src/BTt.v Line: 74
Info (12128): Elaborating entity "Leds" for hierarchy "Leds:led_controller" File: C:/Users/dasa1/OneDrive/Documents/Coding projects/Electronica-Digital-1-G1-E1/Proyecto/src/House.v Line: 56
Info (12128): Elaborating entity "Motor" for hierarchy "Motor:motor_controller" File: C:/Users/dasa1/OneDrive/Documents/Coding projects/Electronica-Digital-1-G1-E1/Proyecto/src/House.v Line: 67
Info (10264): Verilog HDL Case Statement information at Motor.v(28): all case item expressions in this case statement are onehot File: C:/Users/dasa1/OneDrive/Documents/Coding projects/Electronica-Digital-1-G1-E1/Proyecto/src/Motor.v Line: 28
Info (12128): Elaborating entity "Move" for hierarchy "Move:motion_detector" File: C:/Users/dasa1/OneDrive/Documents/Coding projects/Electronica-Digital-1-G1-E1/Proyecto/src/House.v Line: 74
Warning (10230): Verilog HDL assignment warning at Move.v(25): truncated value with size 32 to match size of target (12) File: C:/Users/dasa1/OneDrive/Documents/Coding projects/Electronica-Digital-1-G1-E1/Proyecto/src/Move.v Line: 25
Warning (12241): 2 hierarchies have connectivity warnings - see the Connectivity Checks report folder
Info (144001): Generated suppressed messages file C:/Users/dasa1/OneDrive/Documents/Coding projects/Electronica-Digital-1-G1-E1/Proyecto/src/output_files/CasaDomo.map.smsg
Info: Quartus Prime Analysis & Elaboration was successful. 0 errors, 11 warnings
    Info: Peak virtual memory: 4706 megabytes
    Info: Processing ended: Tue Sep 24 17:52:20 2024
    Info: Elapsed time: 00:00:23
    Info: Total CPU time (on all processors): 00:00:42


+--------------------------------------------+
; Analysis & Elaboration Suppressed Messages ;
+--------------------------------------------+
The suppressed messages can be found in C:/Users/dasa1/OneDrive/Documents/Coding projects/Electronica-Digital-1-G1-E1/Proyecto/src/output_files/CasaDomo.map.smsg.


