#! /c/Source/iverilog-install/bin/vvp
:ivl_version "12.0 (devel)" "(s20150603-1539-g2693dd32b)";
:ivl_delay_selection "TYPICAL";
:vpi_time_precision + 0;
:vpi_module "C:\iverilog\lib\ivl\system.vpi";
:vpi_module "C:\iverilog\lib\ivl\vhdl_sys.vpi";
:vpi_module "C:\iverilog\lib\ivl\vhdl_textio.vpi";
:vpi_module "C:\iverilog\lib\ivl\v2005_math.vpi";
:vpi_module "C:\iverilog\lib\ivl\va_math.vpi";
S_000002a2fd2b63e0 .scope module, "sum1b" "sum1b" 2 1;
 .timescale 0 0;
    .port_info 0 /INPUT 1 "a";
    .port_info 1 /INPUT 1 "b";
    .port_info 2 /INPUT 1 "ci";
    .port_info 3 /OUTPUT 1 "s";
    .port_info 4 /OUTPUT 1 "co";
o000002a2fd306f98 .functor BUFZ 1, C4<z>; HiZ drive
o000002a2fd307028 .functor BUFZ 1, C4<z>; HiZ drive
L_000002a2fd2bd5e0 .functor XOR 1, o000002a2fd306f98, o000002a2fd307028, C4<0>, C4<0>;
o000002a2fd307058 .functor BUFZ 1, C4<z>; HiZ drive
L_000002a2fd2bd8b0 .functor AND 1, L_000002a2fd2bd5e0, o000002a2fd307058, C4<1>, C4<1>;
L_000002a2fd2bdb80 .functor AND 1, o000002a2fd306f98, o000002a2fd307028, C4<1>, C4<1>;
L_000002a2fd2bedd0 .functor XOR 1, L_000002a2fd2bd5e0, o000002a2fd307058, C4<0>, C4<0>;
L_000002a2fd2b6a20 .functor OR 1, L_000002a2fd2bd8b0, L_000002a2fd2bdb80, C4<0>, C4<0>;
v000002a2fd2b6c40_0 .net "a", 0 0, o000002a2fd306f98;  0 drivers
v000002a2fd2bed30_0 .net "and1", 0 0, L_000002a2fd2bd8b0;  1 drivers
v000002a2fd2bdae0_0 .net "and2", 0 0, L_000002a2fd2bdb80;  1 drivers
v000002a2fd2bd810_0 .net "b", 0 0, o000002a2fd307028;  0 drivers
v000002a2fd2bd540_0 .net "ci", 0 0, o000002a2fd307058;  0 drivers
v000002a2fd2b6570_0 .net "co", 0 0, L_000002a2fd2b6a20;  1 drivers
v000002a2fd2b6610_0 .net "s", 0 0, L_000002a2fd2bedd0;  1 drivers
v000002a2fd2b66b0_0 .net "xor1", 0 0, L_000002a2fd2bd5e0;  1 drivers
# The file index is used to find the file name in the following table.
:file_names 3;
    "N/A";
    "<interactive>";
    "sum1bit.v";
