#! /c/Source/iverilog-install/bin/vvp
:ivl_version "12.0 (devel)" "(s20150603-1539-g2693dd32b)";
:ivl_delay_selection "TYPICAL";
:vpi_time_precision - 12;
:vpi_module "C:\iverilog\lib\ivl\system.vpi";
:vpi_module "C:\iverilog\lib\ivl\vhdl_sys.vpi";
:vpi_module "C:\iverilog\lib\ivl\vhdl_textio.vpi";
:vpi_module "C:\iverilog\lib\ivl\v2005_math.vpi";
:vpi_module "C:\iverilog\lib\ivl\va_math.vpi";
S_0000015ca5bb65f0 .scope module, "sum1bit_tb" "sum1bit_tb" 2 8;
 .timescale -12 -12;
v0000015ca5d4bcf0_0 .var "a_tb", 0 0;
v0000015ca5bff850_0 .var "b_tb", 0 0;
v0000015ca5bff8f0_0 .var "ci_tb", 0 0;
v0000015ca5bff990_0 .net "co_tb", 0 0, L_0000015ca5d497f0;  1 drivers
v0000015ca5c00520_0 .net "s_tb", 0 0, L_0000015ca5d498d0;  1 drivers
S_0000015ca5bb6780 .scope module, "uut" "sum1b" 2 17, 3 1 0, S_0000015ca5bb65f0;
 .timescale 0 0;
    .port_info 0 /INPUT 1 "a";
    .port_info 1 /INPUT 1 "b";
    .port_info 2 /INPUT 1 "ci";
    .port_info 3 /OUTPUT 1 "s";
    .port_info 4 /OUTPUT 1 "co";
L_0000015ca5d49550 .functor XOR 1, v0000015ca5d4bcf0_0, v0000015ca5bff850_0, C4<0>, C4<0>;
L_0000015ca5d494e0 .functor AND 1, L_0000015ca5d49550, v0000015ca5bff8f0_0, C4<1>, C4<1>;
L_0000015ca5d49860 .functor AND 1, v0000015ca5d4bcf0_0, v0000015ca5bff850_0, C4<1>, C4<1>;
L_0000015ca5d498d0 .functor XOR 1, L_0000015ca5d49550, v0000015ca5bff8f0_0, C4<0>, C4<0>;
L_0000015ca5d497f0 .functor OR 1, L_0000015ca5d494e0, L_0000015ca5d49860, C4<0>, C4<0>;
v0000015ca5d469a0_0 .net "a", 0 0, v0000015ca5d4bcf0_0;  1 drivers
v0000015ca5d4bf30_0 .net "and1", 0 0, L_0000015ca5d494e0;  1 drivers
v0000015ca5d4a820_0 .net "and2", 0 0, L_0000015ca5d49860;  1 drivers
v0000015ca5d491f0_0 .net "b", 0 0, v0000015ca5bff850_0;  1 drivers
v0000015ca5d48fc0_0 .net "ci", 0 0, v0000015ca5bff8f0_0;  1 drivers
v0000015ca5bb6910_0 .net "co", 0 0, L_0000015ca5d497f0;  alias, 1 drivers
v0000015ca5bb69b0_0 .net "s", 0 0, L_0000015ca5d498d0;  alias, 1 drivers
v0000015ca5d4bc50_0 .net "xor1", 0 0, L_0000015ca5d49550;  1 drivers
    .scope S_0000015ca5bb65f0;
T_0 ;
    %pushi/vec4 0, 0, 1;
    %store/vec4 v0000015ca5d4bcf0_0, 0, 1;
    %pushi/vec4 0, 0, 1;
    %store/vec4 v0000015ca5bff850_0, 0, 1;
    %pushi/vec4 0, 0, 1;
    %store/vec4 v0000015ca5bff8f0_0, 0, 1;
    %delay 100, 0;
    %pushi/vec4 0, 0, 1;
    %store/vec4 v0000015ca5d4bcf0_0, 0, 1;
    %pushi/vec4 1, 0, 1;
    %store/vec4 v0000015ca5bff850_0, 0, 1;
    %pushi/vec4 0, 0, 1;
    %store/vec4 v0000015ca5bff8f0_0, 0, 1;
    %delay 100, 0;
    %pushi/vec4 1, 0, 1;
    %store/vec4 v0000015ca5d4bcf0_0, 0, 1;
    %pushi/vec4 0, 0, 1;
    %store/vec4 v0000015ca5bff850_0, 0, 1;
    %pushi/vec4 0, 0, 1;
    %store/vec4 v0000015ca5bff8f0_0, 0, 1;
    %delay 100, 0;
    %pushi/vec4 1, 0, 1;
    %store/vec4 v0000015ca5d4bcf0_0, 0, 1;
    %pushi/vec4 1, 0, 1;
    %store/vec4 v0000015ca5bff850_0, 0, 1;
    %pushi/vec4 0, 0, 1;
    %store/vec4 v0000015ca5bff8f0_0, 0, 1;
    %delay 100, 0;
    %pushi/vec4 0, 0, 1;
    %store/vec4 v0000015ca5d4bcf0_0, 0, 1;
    %pushi/vec4 0, 0, 1;
    %store/vec4 v0000015ca5bff850_0, 0, 1;
    %pushi/vec4 1, 0, 1;
    %store/vec4 v0000015ca5bff8f0_0, 0, 1;
    %delay 100, 0;
    %pushi/vec4 0, 0, 1;
    %store/vec4 v0000015ca5d4bcf0_0, 0, 1;
    %pushi/vec4 1, 0, 1;
    %store/vec4 v0000015ca5bff850_0, 0, 1;
    %pushi/vec4 1, 0, 1;
    %store/vec4 v0000015ca5bff8f0_0, 0, 1;
    %delay 100, 0;
    %pushi/vec4 1, 0, 1;
    %store/vec4 v0000015ca5d4bcf0_0, 0, 1;
    %pushi/vec4 0, 0, 1;
    %store/vec4 v0000015ca5bff850_0, 0, 1;
    %pushi/vec4 1, 0, 1;
    %store/vec4 v0000015ca5bff8f0_0, 0, 1;
    %delay 100, 0;
    %pushi/vec4 1, 0, 1;
    %store/vec4 v0000015ca5d4bcf0_0, 0, 1;
    %pushi/vec4 1, 0, 1;
    %store/vec4 v0000015ca5bff850_0, 0, 1;
    %pushi/vec4 1, 0, 1;
    %store/vec4 v0000015ca5bff8f0_0, 0, 1;
    %end;
    .thread T_0;
    .scope S_0000015ca5bb65f0;
T_1 ;
    %vpi_call 2 82 "$dumpfile", "sum1bit.vcd" {0 0 0};
    %vpi_call 2 83 "$dumpvars", 32'sb00000000000000000000000000000000, S_0000015ca5bb6780 {0 0 0};
    %delay 800, 0;
    %vpi_call 2 84 "$finish" {0 0 0};
    %end;
    .thread T_1;
# The file index is used to find the file name in the following table.
:file_names 4;
    "N/A";
    "<interactive>";
    "sum1bit_tb.v";
    "./sum1bit.v";
