#! /c/Source/iverilog-install/bin/vvp
:ivl_version "12.0 (devel)" "(s20150603-1539-g2693dd32b)";
:ivl_delay_selection "TYPICAL";
:vpi_time_precision - 12;
:vpi_module "C:\iverilog\lib\ivl\system.vpi";
:vpi_module "C:\iverilog\lib\ivl\vhdl_sys.vpi";
:vpi_module "C:\iverilog\lib\ivl\vhdl_textio.vpi";
:vpi_module "C:\iverilog\lib\ivl\v2005_math.vpi";
:vpi_module "C:\iverilog\lib\ivl\va_math.vpi";
S_0000019d79729e20 .scope module, "Leds_tb" "Leds_tb" 2 7;
 .timescale -9 -12;
P_0000019d7972b320 .param/l "CLK_PERIOD" 0 2 10, +C4<00000000000000000000000000010100>;
v0000019d7972ec00_0 .var "clk", 0 0;
v0000019d7972eca0_0 .var "cmd", 2 0;
v0000019d7972ed40_0 .net "leds", 2 0, v0000019d79726cc0_0;  1 drivers
v0000019d7972ede0_0 .var "reset", 0 0;
S_0000019d7972ea70 .scope module, "leds_inst" "Leds" 2 19, 3 4 0, S_0000019d79729e20;
 .timescale -9 -12;
    .port_info 0 /INPUT 1 "clk";
    .port_info 1 /INPUT 1 "reset";
    .port_info 2 /INPUT 3 "cmd";
    .port_info 3 /OUTPUT 3 "leds";
P_0000019d79729fb0 .param/l "CLK_FREQ" 0 3 12, +C4<00000010111110101111000010000000>;
P_0000019d79729fe8 .param/l "COUNT_MAX" 1 3 14, +C4<0000000000000000000000000000000001011001011010000010111100000000>;
P_0000019d7972a020 .param/l "LED_TOGGLE_TIME" 0 3 13, +C4<00000000000000000000000000011110>;
v0000019d7972a060_0 .net "clk", 0 0, v0000019d7972ec00_0;  1 drivers
v0000019d79726840_0 .net "cmd", 2 0, v0000019d7972eca0_0;  1 drivers
v0000019d79726aa0_0 .var "counter", 31 0;
v0000019d79726cc0_0 .var "leds", 2 0;
v0000019d79729b40_0 .net "reset", 0 0, v0000019d7972ede0_0;  1 drivers
v0000019d79729be0_0 .var "toggle", 0 0;
E_0000019d7972b860 .event posedge, v0000019d79729b40_0, v0000019d7972a060_0;
    .scope S_0000019d7972ea70;
T_0 ;
    %wait E_0000019d7972b860;
    %load/vec4 v0000019d79729b40_0;
    %flag_set/vec4 8;
    %jmp/0xz  T_0.0, 8;
    %pushi/vec4 0, 0, 3;
    %assign/vec4 v0000019d79726cc0_0, 0;
    %pushi/vec4 0, 0, 32;
    %assign/vec4 v0000019d79726aa0_0, 0;
    %pushi/vec4 0, 0, 1;
    %assign/vec4 v0000019d79729be0_0, 0;
    %jmp T_0.1;
T_0.0 ;
    %load/vec4 v0000019d79726aa0_0;
    %pad/u 64;
    %cmpi/u 1499999999, 0, 64;
    %jmp/0xz  T_0.2, 5;
    %load/vec4 v0000019d79726aa0_0;
    %addi 1, 0, 32;
    %assign/vec4 v0000019d79726aa0_0, 0;
    %jmp T_0.3;
T_0.2 ;
    %pushi/vec4 0, 0, 32;
    %assign/vec4 v0000019d79726aa0_0, 0;
    %load/vec4 v0000019d79729be0_0;
    %inv;
    %assign/vec4 v0000019d79729be0_0, 0;
T_0.3 ;
    %load/vec4 v0000019d79729be0_0;
    %flag_set/vec4 8;
    %jmp/0xz  T_0.4, 8;
    %pushi/vec4 7, 0, 3;
    %assign/vec4 v0000019d79726cc0_0, 0;
    %jmp T_0.5;
T_0.4 ;
    %pushi/vec4 0, 0, 3;
    %assign/vec4 v0000019d79726cc0_0, 0;
T_0.5 ;
    %load/vec4 v0000019d79726840_0;
    %cmpi/ne 0, 0, 3;
    %jmp/0xz  T_0.6, 4;
    %load/vec4 v0000019d79726840_0;
    %assign/vec4 v0000019d79726cc0_0, 0;
T_0.6 ;
T_0.1 ;
    %jmp T_0;
    .thread T_0;
    .scope S_0000019d79729e20;
T_1 ;
    %pushi/vec4 0, 0, 1;
    %store/vec4 v0000019d7972ec00_0, 0, 1;
T_1.0 ;
    %delay 10000, 0;
    %load/vec4 v0000019d7972ec00_0;
    %inv;
    %store/vec4 v0000019d7972ec00_0, 0, 1;
    %jmp T_1.0;
    %end;
    .thread T_1;
    .scope S_0000019d79729e20;
T_2 ;
    %pushi/vec4 1, 0, 1;
    %store/vec4 v0000019d7972ede0_0, 0, 1;
    %pushi/vec4 0, 0, 3;
    %store/vec4 v0000019d7972eca0_0, 0, 3;
    %delay 20000, 0;
    %pushi/vec4 0, 0, 1;
    %store/vec4 v0000019d7972ede0_0, 0, 1;
    %delay 100000, 0;
    %pushi/vec4 1, 0, 3;
    %store/vec4 v0000019d7972eca0_0, 0, 3;
    %delay 600000, 0;
    %pushi/vec4 2, 0, 3;
    %store/vec4 v0000019d7972eca0_0, 0, 3;
    %delay 600000, 0;
    %pushi/vec4 4, 0, 3;
    %store/vec4 v0000019d7972eca0_0, 0, 3;
    %delay 600000, 0;
    %delay 1200000, 0;
    %vpi_call 2 59 "$finish" {0 0 0};
    %end;
    .thread T_2;
    .scope S_0000019d79729e20;
T_3 ;
    %vpi_call 2 64 "$dumpfile", "Leds_tb.vcd" {0 0 0};
    %vpi_call 2 65 "$dumpvars", 32'sb00000000000000000000000000000000, S_0000019d79729e20 {0 0 0};
    %end;
    .thread T_3;
# The file index is used to find the file name in the following table.
:file_names 4;
    "N/A";
    "<interactive>";
    "Leds-tb.v";
    "./Leds.v";
