#! /c/Source/iverilog-install/bin/vvp
:ivl_version "12.0 (devel)" "(s20150603-1539-g2693dd32b)";
:ivl_delay_selection "TYPICAL";
:vpi_time_precision - 12;
:vpi_module "C:\iverilog\lib\ivl\system.vpi";
:vpi_module "C:\iverilog\lib\ivl\vhdl_sys.vpi";
:vpi_module "C:\iverilog\lib\ivl\vhdl_textio.vpi";
:vpi_module "C:\iverilog\lib\ivl\v2005_math.vpi";
:vpi_module "C:\iverilog\lib\ivl\va_math.vpi";
S_00000283dd3a63e0 .scope module, "BTt" "BTt" 2 4;
 .timescale -9 -12;
    .port_info 0 /INPUT 1 "clk";
    .port_info 1 /INPUT 1 "reset";
    .port_info 2 /INPUT 8 "data_in";
    .port_info 3 /INPUT 1 "send";
    .port_info 4 /OUTPUT 1 "tx";
    .port_info 5 /OUTPUT 1 "busy";
P_00000283dd3a6570 .param/l "BAUD_COUNT" 1 2 17, +C4<00000000000000000000000000000000000000000000000000000000101000100>;
P_00000283dd3a65a8 .param/l "BAUD_RATE" 0 2 14, +C4<00000000000000000010010110000000>;
P_00000283dd3a65e0 .param/l "CLK_FREQ" 0 2 13, +C4<00000010111110101111000010000000>;
P_00000283dd3a6618 .param/l "IDLE" 1 2 24, C4<00>;
P_00000283dd3a6650 .param/l "SEND_DATA" 1 2 26, C4<10>;
P_00000283dd3a6688 .param/l "SEND_START" 1 2 25, C4<01>;
P_00000283dd3a66c0 .param/l "SEND_STOP" 1 2 27, C4<11>;
v00000283dd3a6a40_0 .var "baud_counter", 15 0;
v00000283dd3a6700_0 .var "bit_index", 3 0;
v00000283dd3a67a0_0 .var "busy", 0 0;
o00000283dd3fd068 .functor BUFZ 1, C4<z>; HiZ drive
v00000283dd3abda0_0 .net "clk", 0 0, o00000283dd3fd068;  0 drivers
o00000283dd3fd098 .functor BUFZ 8, C4<zzzzzzzz>; HiZ drive
v00000283dd3abe40_0 .net "data_in", 7 0, o00000283dd3fd098;  0 drivers
v00000283dd3abee0_0 .var "data_reg", 7 0;
o00000283dd3fd0f8 .functor BUFZ 1, C4<z>; HiZ drive
v00000283dd3f36e0_0 .net "reset", 0 0, o00000283dd3fd0f8;  0 drivers
o00000283dd3fd128 .functor BUFZ 1, C4<z>; HiZ drive
v00000283dd3f3780_0 .net "send", 0 0, o00000283dd3fd128;  0 drivers
v00000283dd3f3820_0 .var "state", 1 0;
v00000283dd3f38c0_0 .var "tx", 0 0;
E_00000283dd3ab0d0 .event posedge, v00000283dd3f36e0_0, v00000283dd3abda0_0;
    .scope S_00000283dd3a63e0;
T_0 ;
    %wait E_00000283dd3ab0d0;
    %load/vec4 v00000283dd3f36e0_0;
    %flag_set/vec4 8;
    %jmp/0xz  T_0.0, 8;
    %pushi/vec4 1, 0, 1;
    %assign/vec4 v00000283dd3f38c0_0, 0;
    %pushi/vec4 0, 0, 1;
    %assign/vec4 v00000283dd3a67a0_0, 0;
    %pushi/vec4 0, 0, 2;
    %assign/vec4 v00000283dd3f3820_0, 0;
    %pushi/vec4 0, 0, 16;
    %assign/vec4 v00000283dd3a6a40_0, 0;
    %pushi/vec4 0, 0, 4;
    %assign/vec4 v00000283dd3a6700_0, 0;
    %jmp T_0.1;
T_0.0 ;
    %load/vec4 v00000283dd3f3820_0;
    %dup/vec4;
    %pushi/vec4 0, 0, 2;
    %cmp/u;
    %jmp/1 T_0.2, 6;
    %dup/vec4;
    %pushi/vec4 1, 0, 2;
    %cmp/u;
    %jmp/1 T_0.3, 6;
    %dup/vec4;
    %pushi/vec4 2, 0, 2;
    %cmp/u;
    %jmp/1 T_0.4, 6;
    %dup/vec4;
    %pushi/vec4 3, 0, 2;
    %cmp/u;
    %jmp/1 T_0.5, 6;
    %jmp T_0.6;
T_0.2 ;
    %load/vec4 v00000283dd3f3780_0;
    %flag_set/vec4 9;
    %flag_get/vec4 9;
    %jmp/0 T_0.9, 9;
    %load/vec4 v00000283dd3a67a0_0;
    %nor/r;
    %and;
T_0.9;
    %flag_set/vec4 8;
    %jmp/0xz  T_0.7, 8;
    %load/vec4 v00000283dd3abe40_0;
    %assign/vec4 v00000283dd3abee0_0, 0;
    %pushi/vec4 1, 0, 1;
    %assign/vec4 v00000283dd3a67a0_0, 0;
    %pushi/vec4 0, 0, 16;
    %assign/vec4 v00000283dd3a6a40_0, 0;
    %pushi/vec4 1, 0, 2;
    %assign/vec4 v00000283dd3f3820_0, 0;
    %pushi/vec4 0, 0, 1;
    %assign/vec4 v00000283dd3f38c0_0, 0;
T_0.7 ;
    %jmp T_0.6;
T_0.3 ;
    %load/vec4 v00000283dd3a6a40_0;
    %pad/u 65;
    %cmpi/u 324, 0, 65;
    %jmp/0xz  T_0.10, 5;
    %load/vec4 v00000283dd3a6a40_0;
    %addi 1, 0, 16;
    %assign/vec4 v00000283dd3a6a40_0, 0;
    %jmp T_0.11;
T_0.10 ;
    %pushi/vec4 0, 0, 16;
    %assign/vec4 v00000283dd3a6a40_0, 0;
    %pushi/vec4 2, 0, 2;
    %assign/vec4 v00000283dd3f3820_0, 0;
    %pushi/vec4 0, 0, 4;
    %assign/vec4 v00000283dd3a6700_0, 0;
T_0.11 ;
    %jmp T_0.6;
T_0.4 ;
    %load/vec4 v00000283dd3a6a40_0;
    %pad/u 65;
    %cmpi/u 324, 0, 65;
    %jmp/0xz  T_0.12, 5;
    %load/vec4 v00000283dd3a6a40_0;
    %addi 1, 0, 16;
    %assign/vec4 v00000283dd3a6a40_0, 0;
    %jmp T_0.13;
T_0.12 ;
    %pushi/vec4 0, 0, 16;
    %assign/vec4 v00000283dd3a6a40_0, 0;
    %load/vec4 v00000283dd3abee0_0;
    %load/vec4 v00000283dd3a6700_0;
    %part/u 1;
    %assign/vec4 v00000283dd3f38c0_0, 0;
    %load/vec4 v00000283dd3a6700_0;
    %pad/u 32;
    %cmpi/u 7, 0, 32;
    %jmp/0xz  T_0.14, 5;
    %load/vec4 v00000283dd3a6700_0;
    %addi 1, 0, 4;
    %assign/vec4 v00000283dd3a6700_0, 0;
    %jmp T_0.15;
T_0.14 ;
    %pushi/vec4 3, 0, 2;
    %assign/vec4 v00000283dd3f3820_0, 0;
T_0.15 ;
T_0.13 ;
    %jmp T_0.6;
T_0.5 ;
    %load/vec4 v00000283dd3a6a40_0;
    %pad/u 65;
    %cmpi/u 324, 0, 65;
    %jmp/0xz  T_0.16, 5;
    %load/vec4 v00000283dd3a6a40_0;
    %addi 1, 0, 16;
    %assign/vec4 v00000283dd3a6a40_0, 0;
    %jmp T_0.17;
T_0.16 ;
    %pushi/vec4 1, 0, 1;
    %assign/vec4 v00000283dd3f38c0_0, 0;
    %pushi/vec4 0, 0, 1;
    %assign/vec4 v00000283dd3a67a0_0, 0;
    %pushi/vec4 0, 0, 2;
    %assign/vec4 v00000283dd3f3820_0, 0;
T_0.17 ;
    %jmp T_0.6;
T_0.6 ;
    %pop/vec4 1;
T_0.1 ;
    %jmp T_0;
    .thread T_0;
# The file index is used to find the file name in the following table.
:file_names 3;
    "N/A";
    "<interactive>";
    "BTt.v";
