#! /c/Source/iverilog-install/bin/vvp
:ivl_version "12.0 (devel)" "(s20150603-1539-g2693dd32b)";
:ivl_delay_selection "TYPICAL";
:vpi_time_precision + 0;
:vpi_module "C:\iverilog\lib\ivl\system.vpi";
:vpi_module "C:\iverilog\lib\ivl\vhdl_sys.vpi";
:vpi_module "C:\iverilog\lib\ivl\vhdl_textio.vpi";
:vpi_module "C:\iverilog\lib\ivl\v2005_math.vpi";
:vpi_module "C:\iverilog\lib\ivl\va_math.vpi";
S_0000026c1ceed210 .scope module, "Crono" "Crono" 2 3;
 .timescale 0 0;
    .port_info 0 /INPUT 2 "sdcm";
    .port_info 1 /OUTPUT 7 "SSeg";
    .port_info 2 /OUTPUT 4 "an";
L_0000026c1cee6f20 .functor BUFZ 4, v0000026c1ceed5d0_0, C4<0000>, C4<0000>, C4<0000>;
v0000026c1ceed530_0 .var "SSeg", 0 6;
v0000026c1cee6810_0 .net "an", 3 0, L_0000026c1cee6f20;  1 drivers
v0000026c1ceed5d0_0 .var "an_reg", 3 0;
o0000026c1cdc7068 .functor BUFZ 2, C4<zz>; HiZ drive
v0000026c1cdc30c0_0 .net "sdcm", 1 0, o0000026c1cdc7068;  0 drivers
E_0000026c1cdb4ed0 .event anyedge, v0000026c1cdc30c0_0;
S_0000026c1ceed3a0 .scope module, "cf_divider" "cf_divider" 3 1;
 .timescale 0 0;
    .port_info 0 /INPUT 1 "clk";
    .port_info 1 /INPUT 1 "rst";
    .port_info 2 /OUTPUT 1 "fdiv";
P_0000026c1cee6bf0 .param/l "cont" 0 3 7, +C4<00000000000011000011010100000000>;
P_0000026c1cee6c28 .param/l "tam" 0 3 8, +C4<00000000000000000000000000010100>;
o0000026c1cdc7128 .functor BUFZ 1, C4<z>; HiZ drive
v0000026c1cdc3160_0 .net "clk", 0 0, o0000026c1cdc7128;  0 drivers
v0000026c1cdc3200_0 .var "counter", 19 0;
v0000026c1cdc32a0_0 .var "fdiv", 0 0;
o0000026c1cdc71b8 .functor BUFZ 1, C4<z>; HiZ drive
v0000026c1cdc3340_0 .net "rst", 0 0, o0000026c1cdc71b8;  0 drivers
E_0000026c1cdb5450 .event posedge, v0000026c1cdc3340_0, v0000026c1cdc3160_0;
    .scope S_0000026c1ceed210;
T_0 ;
    %wait E_0000026c1cdb4ed0;
    %load/vec4 v0000026c1cdc30c0_0;
    %dup/vec4;
    %pushi/vec4 0, 0, 2;
    %cmp/u;
    %jmp/1 T_0.0, 6;
    %dup/vec4;
    %pushi/vec4 1, 0, 2;
    %cmp/u;
    %jmp/1 T_0.1, 6;
    %dup/vec4;
    %pushi/vec4 2, 0, 2;
    %cmp/u;
    %jmp/1 T_0.2, 6;
    %dup/vec4;
    %pushi/vec4 3, 0, 2;
    %cmp/u;
    %jmp/1 T_0.3, 6;
    %pushi/vec4 14, 0, 4;
    %store/vec4 v0000026c1ceed5d0_0, 0, 4;
    %jmp T_0.5;
T_0.0 ;
    %pushi/vec4 14, 0, 4;
    %store/vec4 v0000026c1ceed5d0_0, 0, 4;
    %jmp T_0.5;
T_0.1 ;
    %pushi/vec4 12, 0, 4;
    %store/vec4 v0000026c1ceed5d0_0, 0, 4;
    %jmp T_0.5;
T_0.2 ;
    %pushi/vec4 8, 0, 4;
    %store/vec4 v0000026c1ceed5d0_0, 0, 4;
    %jmp T_0.5;
T_0.3 ;
    %pushi/vec4 0, 0, 4;
    %store/vec4 v0000026c1ceed5d0_0, 0, 4;
    %jmp T_0.5;
T_0.5 ;
    %pop/vec4 1;
    %jmp T_0;
    .thread T_0, $push;
    .scope S_0000026c1ceed3a0;
T_1 ;
    %wait E_0000026c1cdb5450;
    %load/vec4 v0000026c1cdc3340_0;
    %flag_set/vec4 8;
    %jmp/0xz  T_1.0, 8;
    %pushi/vec4 0, 0, 20;
    %assign/vec4 v0000026c1cdc3200_0, 0;
    %pushi/vec4 0, 0, 1;
    %assign/vec4 v0000026c1cdc32a0_0, 0;
    %jmp T_1.1;
T_1.0 ;
    %load/vec4 v0000026c1cdc3200_0;
    %pad/u 32;
    %cmpi/e 800000, 0, 32;
    %jmp/0xz  T_1.2, 4;
    %pushi/vec4 0, 0, 20;
    %assign/vec4 v0000026c1cdc3200_0, 0;
    %load/vec4 v0000026c1cdc32a0_0;
    %inv;
    %assign/vec4 v0000026c1cdc32a0_0, 0;
    %jmp T_1.3;
T_1.2 ;
    %load/vec4 v0000026c1cdc3200_0;
    %addi 1, 0, 20;
    %assign/vec4 v0000026c1cdc3200_0, 0;
T_1.3 ;
T_1.1 ;
    %jmp T_1;
    .thread T_1;
# The file index is used to find the file name in the following table.
:file_names 4;
    "N/A";
    "<interactive>";
    "Crono.v";
    "./freq_div.v";
