#! /c/Source/iverilog-install/bin/vvp
:ivl_version "12.0 (devel)" "(s20150603-1539-g2693dd32b)";
:ivl_delay_selection "TYPICAL";
:vpi_time_precision + 0;
:vpi_module "C:\iverilog\lib\ivl\system.vpi";
:vpi_module "C:\iverilog\lib\ivl\vhdl_sys.vpi";
:vpi_module "C:\iverilog\lib\ivl\vhdl_textio.vpi";
:vpi_module "C:\iverilog\lib\ivl\v2005_math.vpi";
:vpi_module "C:\iverilog\lib\ivl\va_math.vpi";
S_000001ae45d164e0 .scope module, "cf_divider" "cf_divider" 2 1;
 .timescale 0 0;
    .port_info 0 /INPUT 1 "clk";
    .port_info 1 /INPUT 1 "rst";
    .port_info 2 /OUTPUT 1 "fdiv";
    .port_info 3 /OUTPUT 1 "ms_f";
    .port_info 4 /OUTPUT 1 "cs_f";
    .port_info 5 /OUTPUT 1 "ds_f";
    .port_info 6 /OUTPUT 1 "sec_f";
P_000001ae45f34630 .param/l "cs_cont" 0 2 25, +C4<00000000000001111010000100100000>;
P_000001ae45f34668 .param/l "ds_cont" 0 2 29, +C4<00000000010011000100101101000000>;
P_000001ae45f346a0 .param/l "ms_cont" 0 2 21, +C4<00000000000000001100001101010000>;
P_000001ae45f346d8 .param/l "sc_cont" 0 2 33, +C4<00000010111110101111000010000000>;
P_000001ae45f34710 .param/l "tam_cs" 0 2 26, +C4<00000000000000000000000000010011>;
P_000001ae45f34748 .param/l "tam_ds" 0 2 30, +C4<00000000000000000000000000010111>;
P_000001ae45f34780 .param/l "tam_ms" 0 2 22, +C4<00000000000000000000000000010000>;
P_000001ae45f347b8 .param/l "tam_sc" 0 2 34, +C4<00000000000000000000000000011010>;
P_000001ae45f347f0 .param/l "tam_tc" 0 2 18, +C4<00000000000000000000000000010100>;
P_000001ae45f34828 .param/l "trmsn_cont" 0 2 17, +C4<00000000000011000011010100000000>;
o000001ae45f4ff48 .functor BUFZ 1, C4<z>; HiZ drive
v000001ae45d16670_0 .net "clk", 0 0, o000001ae45f4ff48;  0 drivers
v000001ae45d16710_0 .var "counter", 19 0;
v000001ae45d167b0_0 .var "cs_counter", 18 0;
v000001ae45f43500_0 .var "cs_f", 0 0;
v000001ae45f435a0_0 .var "ds_counter", 22 0;
v000001ae45f43640_0 .var "ds_f", 0 0;
v000001ae45f436e0_0 .var "fdiv", 0 0;
v000001ae45f43780_0 .var "ms_counter", 15 0;
v000001ae45f43820_0 .var "ms_f", 0 0;
o000001ae45f500f8 .functor BUFZ 1, C4<z>; HiZ drive
v000001ae45f438c0_0 .net "rst", 0 0, o000001ae45f500f8;  0 drivers
v000001ae45f43960_0 .var "sc_counter", 25 0;
v000001ae45f43a00_0 .var "sec_f", 0 0;
E_000001ae45d1b760 .event posedge, v000001ae45f438c0_0, v000001ae45d16670_0;
    .scope S_000001ae45d164e0;
T_0 ;
    %wait E_000001ae45d1b760;
    %load/vec4 v000001ae45f438c0_0;
    %flag_set/vec4 8;
    %jmp/0xz  T_0.0, 8;
    %pushi/vec4 0, 0, 20;
    %assign/vec4 v000001ae45d16710_0, 0;
    %pushi/vec4 0, 0, 16;
    %assign/vec4 v000001ae45f43780_0, 0;
    %pushi/vec4 0, 0, 19;
    %assign/vec4 v000001ae45d167b0_0, 0;
    %pushi/vec4 0, 0, 23;
    %assign/vec4 v000001ae45f435a0_0, 0;
    %pushi/vec4 0, 0, 26;
    %assign/vec4 v000001ae45f43960_0, 0;
    %pushi/vec4 0, 0, 1;
    %assign/vec4 v000001ae45f436e0_0, 0;
    %pushi/vec4 0, 0, 1;
    %assign/vec4 v000001ae45f43820_0, 0;
    %pushi/vec4 0, 0, 1;
    %assign/vec4 v000001ae45f43500_0, 0;
    %pushi/vec4 0, 0, 1;
    %assign/vec4 v000001ae45f43640_0, 0;
    %pushi/vec4 0, 0, 1;
    %assign/vec4 v000001ae45f43a00_0, 0;
    %jmp T_0.1;
T_0.0 ;
    %load/vec4 v000001ae45d16710_0;
    %pad/u 32;
    %cmpi/e 800000, 0, 32;
    %jmp/0xz  T_0.2, 4;
    %pushi/vec4 0, 0, 20;
    %assign/vec4 v000001ae45d16710_0, 0;
    %load/vec4 v000001ae45f436e0_0;
    %inv;
    %assign/vec4 v000001ae45f436e0_0, 0;
    %jmp T_0.3;
T_0.2 ;
    %load/vec4 v000001ae45d16710_0;
    %addi 1, 0, 20;
    %assign/vec4 v000001ae45d16710_0, 0;
T_0.3 ;
    %load/vec4 v000001ae45f43780_0;
    %pad/u 32;
    %cmpi/e 50000, 0, 32;
    %jmp/0xz  T_0.4, 4;
    %pushi/vec4 0, 0, 16;
    %assign/vec4 v000001ae45f43780_0, 0;
    %load/vec4 v000001ae45f43820_0;
    %inv;
    %assign/vec4 v000001ae45f43820_0, 0;
    %jmp T_0.5;
T_0.4 ;
    %load/vec4 v000001ae45f43780_0;
    %addi 1, 0, 16;
    %assign/vec4 v000001ae45f43780_0, 0;
T_0.5 ;
    %load/vec4 v000001ae45d167b0_0;
    %pad/u 32;
    %cmpi/e 500000, 0, 32;
    %jmp/0xz  T_0.6, 4;
    %pushi/vec4 0, 0, 19;
    %assign/vec4 v000001ae45d167b0_0, 0;
    %load/vec4 v000001ae45f43500_0;
    %inv;
    %assign/vec4 v000001ae45f43500_0, 0;
    %jmp T_0.7;
T_0.6 ;
    %load/vec4 v000001ae45d167b0_0;
    %addi 1, 0, 19;
    %assign/vec4 v000001ae45d167b0_0, 0;
T_0.7 ;
    %load/vec4 v000001ae45f435a0_0;
    %pad/u 32;
    %cmpi/e 5000000, 0, 32;
    %jmp/0xz  T_0.8, 4;
    %pushi/vec4 0, 0, 23;
    %assign/vec4 v000001ae45f435a0_0, 0;
    %load/vec4 v000001ae45f43640_0;
    %inv;
    %assign/vec4 v000001ae45f43640_0, 0;
    %jmp T_0.9;
T_0.8 ;
    %load/vec4 v000001ae45f435a0_0;
    %addi 1, 0, 23;
    %assign/vec4 v000001ae45f435a0_0, 0;
T_0.9 ;
    %load/vec4 v000001ae45f43960_0;
    %pad/u 32;
    %cmpi/e 50000000, 0, 32;
    %jmp/0xz  T_0.10, 4;
    %pushi/vec4 0, 0, 26;
    %assign/vec4 v000001ae45f43960_0, 0;
    %load/vec4 v000001ae45f43a00_0;
    %inv;
    %assign/vec4 v000001ae45f43a00_0, 0;
    %jmp T_0.11;
T_0.10 ;
    %load/vec4 v000001ae45f43960_0;
    %addi 1, 0, 26;
    %assign/vec4 v000001ae45f43960_0, 0;
T_0.11 ;
T_0.1 ;
    %jmp T_0;
    .thread T_0;
# The file index is used to find the file name in the following table.
:file_names 3;
    "N/A";
    "<interactive>";
    "freq_div.v";
